  [1m[35m (181.2ms)[0m  [1m[35mCREATE DATABASE "medtrack_development" ENCODING = 'unicode'[0m
  [1m[35m (65.4ms)[0m  [1m[35mCREATE DATABASE "medtrack_test" ENCODING = 'unicode'[0m
Started GET "/" for ::1 at 2020-03-06 11:13:13 -0500
  
ActiveRecord::PendingMigrationError (

Migrations are pending. To resolve this issue, run:

        rails db:migrate RAILS_ENV=development

):
  
activerecord (6.0.2.1) lib/active_record/migration.rb:587:in `check_pending!'
activerecord (6.0.2.1) lib/active_record/migration.rb:564:in `call'
actionpack (6.0.2.1) lib/action_dispatch/middleware/callbacks.rb:27:in `block in call'
activesupport (6.0.2.1) lib/active_support/callbacks.rb:101:in `run_callbacks'
actionpack (6.0.2.1) lib/action_dispatch/middleware/callbacks.rb:26:in `call'
actionpack (6.0.2.1) lib/action_dispatch/middleware/executor.rb:14:in `call'
actionpack (6.0.2.1) lib/action_dispatch/middleware/actionable_exceptions.rb:17:in `call'
actionpack (6.0.2.1) lib/action_dispatch/middleware/debug_exceptions.rb:32:in `call'
actionpack (6.0.2.1) lib/action_dispatch/middleware/show_exceptions.rb:33:in `call'
railties (6.0.2.1) lib/rails/rack/logger.rb:38:in `call_app'
railties (6.0.2.1) lib/rails/rack/logger.rb:26:in `block in call'
activesupport (6.0.2.1) lib/active_support/tagged_logging.rb:80:in `block in tagged'
activesupport (6.0.2.1) lib/active_support/tagged_logging.rb:28:in `tagged'
activesupport (6.0.2.1) lib/active_support/tagged_logging.rb:80:in `tagged'
railties (6.0.2.1) lib/rails/rack/logger.rb:26:in `call'
actionpack (6.0.2.1) lib/action_dispatch/middleware/remote_ip.rb:81:in `call'
actionpack (6.0.2.1) lib/action_dispatch/middleware/request_id.rb:27:in `call'
rack (2.2.2) lib/rack/runtime.rb:22:in `call'
activesupport (6.0.2.1) lib/active_support/cache/strategy/local_cache_middleware.rb:29:in `call'
actionpack (6.0.2.1) lib/action_dispatch/middleware/executor.rb:14:in `call'
actionpack (6.0.2.1) lib/action_dispatch/middleware/static.rb:126:in `call'
rack (2.2.2) lib/rack/sendfile.rb:110:in `call'
actionpack (6.0.2.1) lib/action_dispatch/middleware/host_authorization.rb:83:in `call'
rack-cors (1.1.1) lib/rack/cors.rb:100:in `call'
railties (6.0.2.1) lib/rails/engine.rb:526:in `call'
puma (4.3.3) lib/puma/configuration.rb:228:in `call'
puma (4.3.3) lib/puma/server.rb:682:in `handle_request'
puma (4.3.3) lib/puma/server.rb:472:in `process_client'
puma (4.3.3) lib/puma/server.rb:328:in `block in run'
puma (4.3.3) lib/puma/thread_pool.rb:134:in `block in spawn_thread'
Started GET "/favicon.ico" for ::1 at 2020-03-06 11:13:19 -0500
  
ActiveRecord::PendingMigrationError (

Migrations are pending. To resolve this issue, run:

        rails db:migrate RAILS_ENV=development

):
  
activerecord (6.0.2.1) lib/active_record/migration.rb:587:in `check_pending!'
activerecord (6.0.2.1) lib/active_record/migration.rb:564:in `call'
actionpack (6.0.2.1) lib/action_dispatch/middleware/callbacks.rb:27:in `block in call'
activesupport (6.0.2.1) lib/active_support/callbacks.rb:101:in `run_callbacks'
actionpack (6.0.2.1) lib/action_dispatch/middleware/callbacks.rb:26:in `call'
actionpack (6.0.2.1) lib/action_dispatch/middleware/executor.rb:14:in `call'
actionpack (6.0.2.1) lib/action_dispatch/middleware/actionable_exceptions.rb:17:in `call'
actionpack (6.0.2.1) lib/action_dispatch/middleware/debug_exceptions.rb:32:in `call'
actionpack (6.0.2.1) lib/action_dispatch/middleware/show_exceptions.rb:33:in `call'
railties (6.0.2.1) lib/rails/rack/logger.rb:38:in `call_app'
railties (6.0.2.1) lib/rails/rack/logger.rb:26:in `block in call'
activesupport (6.0.2.1) lib/active_support/tagged_logging.rb:80:in `block in tagged'
activesupport (6.0.2.1) lib/active_support/tagged_logging.rb:28:in `tagged'
activesupport (6.0.2.1) lib/active_support/tagged_logging.rb:80:in `tagged'
railties (6.0.2.1) lib/rails/rack/logger.rb:26:in `call'
actionpack (6.0.2.1) lib/action_dispatch/middleware/remote_ip.rb:81:in `call'
actionpack (6.0.2.1) lib/action_dispatch/middleware/request_id.rb:27:in `call'
rack (2.2.2) lib/rack/runtime.rb:22:in `call'
activesupport (6.0.2.1) lib/active_support/cache/strategy/local_cache_middleware.rb:29:in `call'
actionpack (6.0.2.1) lib/action_dispatch/middleware/executor.rb:14:in `call'
actionpack (6.0.2.1) lib/action_dispatch/middleware/static.rb:126:in `call'
rack (2.2.2) lib/rack/sendfile.rb:110:in `call'
actionpack (6.0.2.1) lib/action_dispatch/middleware/host_authorization.rb:83:in `call'
rack-cors (1.1.1) lib/rack/cors.rb:100:in `call'
railties (6.0.2.1) lib/rails/engine.rb:526:in `call'
puma (4.3.3) lib/puma/configuration.rb:228:in `call'
puma (4.3.3) lib/puma/server.rb:682:in `handle_request'
puma (4.3.3) lib/puma/server.rb:472:in `process_client'
puma (4.3.3) lib/puma/server.rb:328:in `block in run'
puma (4.3.3) lib/puma/thread_pool.rb:134:in `block in spawn_thread'
  [1m[35m (29.5ms)[0m  [1m[35mCREATE TABLE "schema_migrations" ("version" character varying NOT NULL PRIMARY KEY)[0m
  [1m[35m (5.1ms)[0m  [1m[35mCREATE TABLE "ar_internal_metadata" ("key" character varying NOT NULL PRIMARY KEY, "value" character varying, "created_at" timestamp(6) NOT NULL, "updated_at" timestamp(6) NOT NULL)[0m
  [1m[35m (1.1ms)[0m  [1m[34mSELECT pg_try_advisory_lock(3561697636075693380)[0m
  [1m[35m (0.7ms)[0m  [1m[34mSELECT "schema_migrations"."version" FROM "schema_migrations" ORDER BY "schema_migrations"."version" ASC[0m
Migrating to CreateUsers (20200306145520)
  [1m[35m (0.2ms)[0m  [1m[35mBEGIN[0m
  [1m[35m (12.8ms)[0m  [1m[35mCREATE TABLE "users" ("id" bigserial primary key, "username" character varying, "email" character varying, "password_digest" character varying, "created_at" timestamp(6) NOT NULL, "updated_at" timestamp(6) NOT NULL)[0m
  [1m[36mprimary::SchemaMigration Create (0.4ms)[0m  [1m[32mINSERT INTO "schema_migrations" ("version") VALUES ($1) RETURNING "version"[0m  [["version", "20200306145520"]]
  [1m[35m (0.3ms)[0m  [1m[35mCOMMIT[0m
  [1m[36mActiveRecord::InternalMetadata Load (0.3ms)[0m  [1m[34mSELECT "ar_internal_metadata".* FROM "ar_internal_metadata" WHERE "ar_internal_metadata"."key" = $1 LIMIT $2[0m  [["key", "environment"], ["LIMIT", 1]]
  [1m[35m (0.1ms)[0m  [1m[35mBEGIN[0m
  [1m[36mActiveRecord::InternalMetadata Create (0.9ms)[0m  [1m[32mINSERT INTO "ar_internal_metadata" ("key", "value", "created_at", "updated_at") VALUES ($1, $2, $3, $4) RETURNING "key"[0m  [["key", "environment"], ["value", "development"], ["created_at", "2020-03-06 16:13:35.067700"], ["updated_at", "2020-03-06 16:13:35.067700"]]
  [1m[35m (0.3ms)[0m  [1m[35mCOMMIT[0m
  [1m[35m (0.2ms)[0m  [1m[34mSELECT pg_advisory_unlock(3561697636075693380)[0m
  [1m[35m (1.6ms)[0m  [1m[34mSELECT "schema_migrations"."version" FROM "schema_migrations" ORDER BY "schema_migrations"."version" ASC[0m
Started GET "/" for ::1 at 2020-03-06 11:13:45 -0500
  [1m[35m (0.5ms)[0m  [1m[34mSELECT "schema_migrations"."version" FROM "schema_migrations" ORDER BY "schema_migrations"."version" ASC[0m
Processing by Rails::WelcomeController#index as HTML
  Rendering /Library/Ruby/Gems/2.6.0/gems/railties-6.0.2.1/lib/rails/templates/rails/welcome/index.html.erb
  Rendered /Library/Ruby/Gems/2.6.0/gems/railties-6.0.2.1/lib/rails/templates/rails/welcome/index.html.erb (Duration: 17.6ms | Allocations: 315)
Completed 200 OK in 21ms (Views: 18.9ms | ActiveRecord: 0.0ms | Allocations: 1598)


Started GET "/favicon.ico" for ::1 at 2020-03-06 11:13:45 -0500
  
ActionController::RoutingError (No route matches [GET] "/favicon.ico"):
  
actionpack (6.0.2.1) lib/action_dispatch/middleware/debug_exceptions.rb:36:in `call'
actionpack (6.0.2.1) lib/action_dispatch/middleware/show_exceptions.rb:33:in `call'
railties (6.0.2.1) lib/rails/rack/logger.rb:38:in `call_app'
railties (6.0.2.1) lib/rails/rack/logger.rb:26:in `block in call'
activesupport (6.0.2.1) lib/active_support/tagged_logging.rb:80:in `block in tagged'
activesupport (6.0.2.1) lib/active_support/tagged_logging.rb:28:in `tagged'
activesupport (6.0.2.1) lib/active_support/tagged_logging.rb:80:in `tagged'
railties (6.0.2.1) lib/rails/rack/logger.rb:26:in `call'
actionpack (6.0.2.1) lib/action_dispatch/middleware/remote_ip.rb:81:in `call'
actionpack (6.0.2.1) lib/action_dispatch/middleware/request_id.rb:27:in `call'
rack (2.2.2) lib/rack/runtime.rb:22:in `call'
activesupport (6.0.2.1) lib/active_support/cache/strategy/local_cache_middleware.rb:29:in `call'
actionpack (6.0.2.1) lib/action_dispatch/middleware/executor.rb:14:in `call'
actionpack (6.0.2.1) lib/action_dispatch/middleware/static.rb:126:in `call'
rack (2.2.2) lib/rack/sendfile.rb:110:in `call'
actionpack (6.0.2.1) lib/action_dispatch/middleware/host_authorization.rb:83:in `call'
rack-cors (1.1.1) lib/rack/cors.rb:100:in `call'
railties (6.0.2.1) lib/rails/engine.rb:526:in `call'
puma (4.3.3) lib/puma/configuration.rb:228:in `call'
puma (4.3.3) lib/puma/server.rb:682:in `handle_request'
puma (4.3.3) lib/puma/server.rb:472:in `process_client'
puma (4.3.3) lib/puma/server.rb:328:in `block in run'
puma (4.3.3) lib/puma/thread_pool.rb:134:in `block in spawn_thread'
Started POST "/api/sign-up?username=steve&email=steve@gmail.com&password=[FILTERED]" for ::1 at 2020-03-06 11:14:24 -0500
  
ActionController::RoutingError (No route matches [POST] "/api/sign-up"):
  
actionpack (6.0.2.1) lib/action_dispatch/middleware/debug_exceptions.rb:36:in `call'
actionpack (6.0.2.1) lib/action_dispatch/middleware/show_exceptions.rb:33:in `call'
railties (6.0.2.1) lib/rails/rack/logger.rb:38:in `call_app'
railties (6.0.2.1) lib/rails/rack/logger.rb:26:in `block in call'
activesupport (6.0.2.1) lib/active_support/tagged_logging.rb:80:in `block in tagged'
activesupport (6.0.2.1) lib/active_support/tagged_logging.rb:28:in `tagged'
activesupport (6.0.2.1) lib/active_support/tagged_logging.rb:80:in `tagged'
railties (6.0.2.1) lib/rails/rack/logger.rb:26:in `call'
actionpack (6.0.2.1) lib/action_dispatch/middleware/remote_ip.rb:81:in `call'
actionpack (6.0.2.1) lib/action_dispatch/middleware/request_id.rb:27:in `call'
rack (2.2.2) lib/rack/runtime.rb:22:in `call'
activesupport (6.0.2.1) lib/active_support/cache/strategy/local_cache_middleware.rb:29:in `call'
actionpack (6.0.2.1) lib/action_dispatch/middleware/executor.rb:14:in `call'
actionpack (6.0.2.1) lib/action_dispatch/middleware/static.rb:126:in `call'
rack (2.2.2) lib/rack/sendfile.rb:110:in `call'
actionpack (6.0.2.1) lib/action_dispatch/middleware/host_authorization.rb:83:in `call'
rack-cors (1.1.1) lib/rack/cors.rb:100:in `call'
railties (6.0.2.1) lib/rails/engine.rb:526:in `call'
puma (4.3.3) lib/puma/configuration.rb:228:in `call'
puma (4.3.3) lib/puma/server.rb:682:in `handle_request'
puma (4.3.3) lib/puma/server.rb:472:in `process_client'
puma (4.3.3) lib/puma/server.rb:328:in `block in run'
puma (4.3.3) lib/puma/thread_pool.rb:134:in `block in spawn_thread'
Started POST "/auth/login" for ::1 at 2020-03-06 11:14:53 -0500
Processing by AuthenticationController#login as */*
  Parameters: {"username"=>"steve", "password"=>"[FILTERED]", "email"=>"steve@email.com", "authentication"=>{"username"=>"steve", "password"=>"[FILTERED]", "email"=>"steve@email.com"}}
  [1m[36mUser Load (0.9ms)[0m  [1m[34mSELECT "users".* FROM "users" WHERE "users"."username" = $1 LIMIT $2[0m  [["username", "steve"], ["LIMIT", 1]]
  ↳ app/controllers/authentication_controller.rb:6:in `login'
Completed 500 Internal Server Error in 22ms (ActiveRecord: 4.2ms | Allocations: 2982)


  
NoMethodError (undefined method `authenticate' for nil:NilClass):
  
app/controllers/authentication_controller.rb:7:in `login'
Started POST "/auth/login" for ::1 at 2020-03-06 11:16:19 -0500
Processing by AuthenticationController#login as */*
  Parameters: {"username"=>"steve", "email"=>"steve@email.com", "password"=>"[FILTERED]", "authentication"=>{"username"=>"steve", "email"=>"steve@email.com", "password"=>"[FILTERED]"}}
  [1m[36mUser Load (0.4ms)[0m  [1m[34mSELECT "users".* FROM "users" WHERE "users"."username" = $1 LIMIT $2[0m  [["username", "steve"], ["LIMIT", 1]]
  ↳ app/controllers/authentication_controller.rb:6:in `login'
Completed 500 Internal Server Error in 3ms (ActiveRecord: 0.4ms | Allocations: 1032)


  
NoMethodError (undefined method `authenticate' for nil:NilClass):
  
app/controllers/authentication_controller.rb:7:in `login'
Started POST "/auth/login" for ::1 at 2020-03-06 11:17:50 -0500
Processing by AuthenticationController#login as */*
  Parameters: {"username"=>"steve", "email"=>"steve@email.com", "password"=>"[FILTERED]", "authentication"=>{"username"=>"steve", "email"=>"steve@email.com", "password"=>"[FILTERED]"}}
  [1m[36mUser Load (0.3ms)[0m  [1m[34mSELECT "users".* FROM "users" WHERE "users"."username" = $1 LIMIT $2[0m  [["username", "steve"], ["LIMIT", 1]]
  ↳ app/controllers/authentication_controller.rb:6:in `login'
Completed 500 Internal Server Error in 3ms (ActiveRecord: 0.3ms | Allocations: 1015)


  
NoMethodError (undefined method `authenticate' for nil:NilClass):
  
app/controllers/authentication_controller.rb:7:in `login'
  [1m[35m (0.6ms)[0m  [1m[34mSELECT pg_try_advisory_lock(3561697636075693380)[0m
  [1m[35m (1.3ms)[0m  [1m[34mSELECT "schema_migrations"."version" FROM "schema_migrations" ORDER BY "schema_migrations"."version" ASC[0m
Migrating to CreatePharmacies (20200306171955)
  [1m[35m (0.1ms)[0m  [1m[35mBEGIN[0m
  [1m[35m (18.1ms)[0m  [1m[35mCREATE TABLE "pharmacies" ("id" bigserial primary key, "pharm_name" character varying, "address" character varying, "phone_number" character varying, "comment" character varying, "created_at" timestamp(6) NOT NULL, "updated_at" timestamp(6) NOT NULL)[0m
  [1m[36mprimary::SchemaMigration Create (1.2ms)[0m  [1m[32mINSERT INTO "schema_migrations" ("version") VALUES ($1) RETURNING "version"[0m  [["version", "20200306171955"]]
  [1m[35m (1.1ms)[0m  [1m[35mCOMMIT[0m
  [1m[36mActiveRecord::InternalMetadata Load (0.9ms)[0m  [1m[34mSELECT "ar_internal_metadata".* FROM "ar_internal_metadata" WHERE "ar_internal_metadata"."key" = $1 LIMIT $2[0m  [["key", "environment"], ["LIMIT", 1]]
  [1m[35m (0.2ms)[0m  [1m[34mSELECT pg_advisory_unlock(3561697636075693380)[0m
  [1m[35m (0.4ms)[0m  [1m[34mSELECT "schema_migrations"."version" FROM "schema_migrations" ORDER BY "schema_migrations"."version" ASC[0m
Started GET "/" for ::1 at 2020-03-06 13:28:15 -0500
  [1m[35m (0.4ms)[0m  [1m[34mSELECT "schema_migrations"."version" FROM "schema_migrations" ORDER BY "schema_migrations"."version" ASC[0m
Processing by Rails::WelcomeController#index as HTML
  Rendering /Library/Ruby/Gems/2.6.0/gems/railties-6.0.2.1/lib/rails/templates/rails/welcome/index.html.erb
  Rendered /Library/Ruby/Gems/2.6.0/gems/railties-6.0.2.1/lib/rails/templates/rails/welcome/index.html.erb (Duration: 7.0ms | Allocations: 315)
Completed 200 OK in 14ms (Views: 10.4ms | ActiveRecord: 0.0ms | Allocations: 1595)


Started GET "/pharmacy" for ::1 at 2020-03-06 13:28:59 -0500
  
ActionController::RoutingError (No route matches [GET] "/pharmacy"):
  
actionpack (6.0.2.1) lib/action_dispatch/middleware/debug_exceptions.rb:36:in `call'
actionpack (6.0.2.1) lib/action_dispatch/middleware/show_exceptions.rb:33:in `call'
railties (6.0.2.1) lib/rails/rack/logger.rb:38:in `call_app'
railties (6.0.2.1) lib/rails/rack/logger.rb:26:in `block in call'
activesupport (6.0.2.1) lib/active_support/tagged_logging.rb:80:in `block in tagged'
activesupport (6.0.2.1) lib/active_support/tagged_logging.rb:28:in `tagged'
activesupport (6.0.2.1) lib/active_support/tagged_logging.rb:80:in `tagged'
railties (6.0.2.1) lib/rails/rack/logger.rb:26:in `call'
actionpack (6.0.2.1) lib/action_dispatch/middleware/remote_ip.rb:81:in `call'
actionpack (6.0.2.1) lib/action_dispatch/middleware/request_id.rb:27:in `call'
rack (2.2.2) lib/rack/runtime.rb:22:in `call'
activesupport (6.0.2.1) lib/active_support/cache/strategy/local_cache_middleware.rb:29:in `call'
actionpack (6.0.2.1) lib/action_dispatch/middleware/executor.rb:14:in `call'
actionpack (6.0.2.1) lib/action_dispatch/middleware/static.rb:126:in `call'
rack (2.2.2) lib/rack/sendfile.rb:110:in `call'
actionpack (6.0.2.1) lib/action_dispatch/middleware/host_authorization.rb:83:in `call'
rack-cors (1.1.1) lib/rack/cors.rb:100:in `call'
railties (6.0.2.1) lib/rails/engine.rb:526:in `call'
puma (4.3.3) lib/puma/configuration.rb:228:in `call'
puma (4.3.3) lib/puma/server.rb:682:in `handle_request'
puma (4.3.3) lib/puma/server.rb:472:in `process_client'
puma (4.3.3) lib/puma/server.rb:328:in `block in run'
puma (4.3.3) lib/puma/thread_pool.rb:134:in `block in spawn_thread'
Started GET "/pharmacies" for ::1 at 2020-03-06 13:29:08 -0500
Processing by PharmaciesController#index as HTML
  [1m[36mPharmacy Load (2.4ms)[0m  [1m[34mSELECT "pharmacies".* FROM "pharmacies"[0m
  ↳ app/controllers/pharmacies_controller.rb:8:in `index'
Completed 200 OK in 12ms (Views: 4.5ms | ActiveRecord: 3.9ms | Allocations: 1814)


  [1m[35m (0.5ms)[0m  [1m[34mSELECT "schema_migrations"."version" FROM "schema_migrations" ORDER BY "schema_migrations"."version" ASC[0m
  [1m[35m (0.1ms)[0m  [1m[35mBEGIN[0m
  [1m[36mPharmacy Create (1.1ms)[0m  [1m[32mINSERT INTO "pharmacies" ("pharm_name", "address", "phone_number", "comment", "created_at", "updated_at") VALUES ($1, $2, $3, $4, $5, $6) RETURNING "id"[0m  [["pharm_name", "CVS"], ["address", "123 Sesame Street"], ["phone_number", "8888888"], ["comment", "this is a comment"], ["created_at", "2020-03-06 18:29:40.122361"], ["updated_at", "2020-03-06 18:29:40.122361"]]
  [1m[35m (0.3ms)[0m  [1m[35mCOMMIT[0m
Started GET "/pharmacies" for ::1 at 2020-03-06 13:29:49 -0500
  [1m[35m (0.6ms)[0m  [1m[34mSELECT "schema_migrations"."version" FROM "schema_migrations" ORDER BY "schema_migrations"."version" ASC[0m
Processing by PharmaciesController#index as HTML
  [1m[36mPharmacy Load (1.0ms)[0m  [1m[34mSELECT "pharmacies".* FROM "pharmacies"[0m
  ↳ app/controllers/pharmacies_controller.rb:8:in `index'
Completed 200 OK in 29ms (Views: 22.7ms | ActiveRecord: 3.8ms | Allocations: 6048)


Started GET "/pharmacies" for ::1 at 2020-03-06 14:12:50 -0500
  [1m[35m (0.5ms)[0m  [1m[34mSELECT "schema_migrations"."version" FROM "schema_migrations" ORDER BY "schema_migrations"."version" ASC[0m
Processing by PharmaciesController#index as HTML
  [1m[36mPharmacy Load (0.4ms)[0m  [1m[34mSELECT "pharmacies".* FROM "pharmacies"[0m
  ↳ app/controllers/pharmacies_controller.rb:8:in `index'
Completed 200 OK in 27ms (Views: 21.3ms | ActiveRecord: 3.4ms | Allocations: 6044)


Started GET "/" for ::1 at 2020-03-06 14:12:53 -0500
Processing by Rails::WelcomeController#index as HTML
  Rendering /Library/Ruby/Gems/2.6.0/gems/railties-6.0.2.1/lib/rails/templates/rails/welcome/index.html.erb
  Rendered /Library/Ruby/Gems/2.6.0/gems/railties-6.0.2.1/lib/rails/templates/rails/welcome/index.html.erb (Duration: 16.3ms | Allocations: 315)
Completed 200 OK in 71ms (Views: 38.5ms | ActiveRecord: 0.0ms | Allocations: 1592)


Started GET "/" for ::1 at 2020-03-06 14:12:59 -0500
Processing by Rails::WelcomeController#index as HTML
  Rendering /Library/Ruby/Gems/2.6.0/gems/railties-6.0.2.1/lib/rails/templates/rails/welcome/index.html.erb
  Rendered /Library/Ruby/Gems/2.6.0/gems/railties-6.0.2.1/lib/rails/templates/rails/welcome/index.html.erb (Duration: 8.4ms | Allocations: 191)
Completed 200 OK in 13ms (Views: 11.9ms | ActiveRecord: 0.0ms | Allocations: 819)


Started POST "/auth/login" for ::1 at 2020-03-06 14:17:10 -0500
Processing by AuthenticationController#login as HTML
  Parameters: {"username"=>"", "email"=>"", "password"=>"[FILTERED]", "authentication"=>{"username"=>"", "email"=>"", "password"=>"[FILTERED]"}}
  [1m[36mUser Load (0.4ms)[0m  [1m[34mSELECT "users".* FROM "users" WHERE "users"."username" = $1 LIMIT $2[0m  [["username", ""], ["LIMIT", 1]]
  ↳ app/controllers/authentication_controller.rb:6:in `login'
Completed 500 Internal Server Error in 11ms (ActiveRecord: 2.3ms | Allocations: 2499)


  
NoMethodError (undefined method `authenticate' for nil:NilClass):
  
app/controllers/authentication_controller.rb:7:in `login'
Started POST "/auth/login" for ::1 at 2020-03-06 14:17:10 -0500
Processing by AuthenticationController#login as HTML
  Parameters: {"username"=>"", "email"=>"", "password"=>"[FILTERED]", "authentication"=>{"username"=>"", "email"=>"", "password"=>"[FILTERED]"}}
  [1m[36mUser Load (0.2ms)[0m  [1m[34mSELECT "users".* FROM "users" WHERE "users"."username" = $1 LIMIT $2[0m  [["username", ""], ["LIMIT", 1]]
  ↳ app/controllers/authentication_controller.rb:6:in `login'
Completed 500 Internal Server Error in 3ms (ActiveRecord: 0.2ms | Allocations: 1063)


  
NoMethodError (undefined method `authenticate' for nil:NilClass):
  
app/controllers/authentication_controller.rb:7:in `login'
Started POST "/users/" for ::1 at 2020-03-06 14:17:12 -0500
Processing by UsersController#create as HTML
  Parameters: {"user"=>{"username"=>"", "email"=>"", "password"=>"[FILTERED]"}}
  [1m[35m (0.1ms)[0m  [1m[35mBEGIN[0m
  ↳ app/controllers/users_controller.rb:22:in `create'
  [1m[36mUser Exists? (0.2ms)[0m  [1m[34mSELECT 1 AS one FROM "users" WHERE "users"."username" = $1 LIMIT $2[0m  [["username", ""], ["LIMIT", 1]]
  ↳ app/controllers/users_controller.rb:22:in `create'
  [1m[36mUser Exists? (0.3ms)[0m  [1m[34mSELECT 1 AS one FROM "users" WHERE "users"."email" = $1 LIMIT $2[0m  [["email", ""], ["LIMIT", 1]]
  ↳ app/controllers/users_controller.rb:22:in `create'
  [1m[35m (1.0ms)[0m  [1m[31mROLLBACK[0m
  ↳ app/controllers/users_controller.rb:22:in `create'
Completed 422 Unprocessable Entity in 23ms (Views: 0.2ms | ActiveRecord: 3.4ms | Allocations: 11554)


Started POST "/users/" for ::1 at 2020-03-06 14:19:27 -0500
Processing by UsersController#create as HTML
  Parameters: {"user"=>{"username"=>"Rachel", "email"=>"rachel@gmail.com", "password"=>"[FILTERED]"}}
  [1m[35m (0.2ms)[0m  [1m[35mBEGIN[0m
  ↳ app/controllers/users_controller.rb:22:in `create'
  [1m[36mUser Exists? (0.2ms)[0m  [1m[34mSELECT 1 AS one FROM "users" WHERE "users"."username" = $1 LIMIT $2[0m  [["username", "Rachel"], ["LIMIT", 1]]
  ↳ app/controllers/users_controller.rb:22:in `create'
  [1m[36mUser Exists? (0.1ms)[0m  [1m[34mSELECT 1 AS one FROM "users" WHERE "users"."email" = $1 LIMIT $2[0m  [["email", "rachel@gmail.com"], ["LIMIT", 1]]
  ↳ app/controllers/users_controller.rb:22:in `create'
  [1m[36mUser Create (2.4ms)[0m  [1m[32mINSERT INTO "users" ("username", "email", "password_digest", "created_at", "updated_at") VALUES ($1, $2, $3, $4, $5) RETURNING "id"[0m  [["username", "Rachel"], ["email", "rachel@gmail.com"], ["password_digest", "$2a$12$joPXEbsH4z46jNBVzc0Kf.2lI3i8y/7YGaUxHpXUorPfQJ0B8gAea"], ["created_at", "2020-03-06 19:19:28.001817"], ["updated_at", "2020-03-06 19:19:28.001817"]]
  ↳ app/controllers/users_controller.rb:22:in `create'
  [1m[35m (1.9ms)[0m  [1m[35mCOMMIT[0m
  ↳ app/controllers/users_controller.rb:22:in `create'
Completed 201 Created in 217ms (Views: 0.6ms | ActiveRecord: 4.8ms | Allocations: 4436)


Started POST "/auth/login" for ::1 at 2020-03-06 14:19:40 -0500
Processing by AuthenticationController#login as HTML
  Parameters: {"username"=>"Rachel", "email"=>"rachel@gmail.com", "password"=>"[FILTERED]", "authentication"=>{"username"=>"Rachel", "email"=>"rachel@gmail.com", "password"=>"[FILTERED]"}}
  [1m[36mUser Load (0.5ms)[0m  [1m[34mSELECT "users".* FROM "users" WHERE "users"."username" = $1 LIMIT $2[0m  [["username", "Rachel"], ["LIMIT", 1]]
  ↳ app/controllers/authentication_controller.rb:6:in `login'
Completed 200 OK in 210ms (Views: 0.3ms | ActiveRecord: 0.5ms | Allocations: 921)


Started POST "/auth/login" for ::1 at 2020-03-06 14:22:35 -0500
Processing by AuthenticationController#login as HTML
  Parameters: {"username"=>"Rachel", "email"=>"rachel@gmail.com", "password"=>"[FILTERED]", "authentication"=>{"username"=>"Rachel", "email"=>"rachel@gmail.com", "password"=>"[FILTERED]"}}
  [1m[36mUser Load (0.3ms)[0m  [1m[34mSELECT "users".* FROM "users" WHERE "users"."username" = $1 LIMIT $2[0m  [["username", "Rachel"], ["LIMIT", 1]]
  ↳ app/controllers/authentication_controller.rb:6:in `login'
Completed 200 OK in 215ms (Views: 0.3ms | ActiveRecord: 0.3ms | Allocations: 892)


Started POST "/users/" for ::1 at 2020-03-06 14:22:39 -0500
Processing by UsersController#create as HTML
  Parameters: {"user"=>{"username"=>"Rachel", "email"=>"rachel@gmail.com", "password"=>"[FILTERED]"}}
  [1m[35m (0.2ms)[0m  [1m[35mBEGIN[0m
  ↳ app/controllers/users_controller.rb:22:in `create'
  [1m[36mUser Exists? (0.3ms)[0m  [1m[34mSELECT 1 AS one FROM "users" WHERE "users"."username" = $1 LIMIT $2[0m  [["username", "Rachel"], ["LIMIT", 1]]
  ↳ app/controllers/users_controller.rb:22:in `create'
  [1m[36mUser Exists? (0.2ms)[0m  [1m[34mSELECT 1 AS one FROM "users" WHERE "users"."email" = $1 LIMIT $2[0m  [["email", "rachel@gmail.com"], ["LIMIT", 1]]
  ↳ app/controllers/users_controller.rb:22:in `create'
  [1m[35m (0.1ms)[0m  [1m[31mROLLBACK[0m
  ↳ app/controllers/users_controller.rb:22:in `create'
Completed 422 Unprocessable Entity in 217ms (Views: 0.1ms | ActiveRecord: 0.8ms | Allocations: 4174)


Started POST "/auth/login" for ::1 at 2020-03-06 14:36:39 -0500
  [1m[35m (0.8ms)[0m  [1m[34mSELECT "schema_migrations"."version" FROM "schema_migrations" ORDER BY "schema_migrations"."version" ASC[0m
Processing by AuthenticationController#login as HTML
  Parameters: {"username"=>"Rachel", "email"=>"", "password"=>"[FILTERED]", "authentication"=>{"username"=>"Rachel", "email"=>"", "password"=>"[FILTERED]"}}
  [1m[36mUser Load (0.4ms)[0m  [1m[34mSELECT "users".* FROM "users" WHERE "users"."username" = $1 LIMIT $2[0m  [["username", "Rachel"], ["LIMIT", 1]]
  ↳ app/controllers/authentication_controller.rb:6:in `login'
Completed 200 OK in 237ms (Views: 0.5ms | ActiveRecord: 4.4ms | Allocations: 6260)


Started POST "/auth/login" for ::1 at 2020-03-06 14:37:10 -0500
Processing by AuthenticationController#login as HTML
  Parameters: {"username"=>"Rachel", "email"=>"", "password"=>"[FILTERED]", "authentication"=>{"username"=>"Rachel", "email"=>"", "password"=>"[FILTERED]"}}
  [1m[36mUser Load (0.3ms)[0m  [1m[34mSELECT "users".* FROM "users" WHERE "users"."username" = $1 LIMIT $2[0m  [["username", "Rachel"], ["LIMIT", 1]]
  ↳ app/controllers/authentication_controller.rb:6:in `login'
Completed 200 OK in 208ms (Views: 0.3ms | ActiveRecord: 0.3ms | Allocations: 908)


Started POST "/auth/login" for ::1 at 2020-03-06 14:37:53 -0500
Processing by AuthenticationController#login as HTML
  Parameters: {"username"=>"Rachel", "email"=>"", "password"=>"[FILTERED]", "authentication"=>{"username"=>"Rachel", "email"=>"", "password"=>"[FILTERED]"}}
  [1m[36mUser Load (0.4ms)[0m  [1m[34mSELECT "users".* FROM "users" WHERE "users"."username" = $1 LIMIT $2[0m  [["username", "Rachel"], ["LIMIT", 1]]
  ↳ app/controllers/authentication_controller.rb:6:in `login'
Completed 200 OK in 207ms (Views: 0.3ms | ActiveRecord: 0.4ms | Allocations: 908)


Started POST "/auth/login" for ::1 at 2020-03-06 14:39:18 -0500
Processing by AuthenticationController#login as HTML
  Parameters: {"username"=>"Rachel", "email"=>"", "password"=>"[FILTERED]", "authentication"=>{"username"=>"Rachel", "email"=>"", "password"=>"[FILTERED]"}}
  [1m[36mUser Load (0.2ms)[0m  [1m[34mSELECT "users".* FROM "users" WHERE "users"."username" = $1 LIMIT $2[0m  [["username", "Rachel"], ["LIMIT", 1]]
  ↳ app/controllers/authentication_controller.rb:6:in `login'
Completed 200 OK in 206ms (Views: 0.3ms | ActiveRecord: 0.2ms | Allocations: 908)


Started GET "/pharmacies" for ::1 at 2020-03-06 14:51:01 -0500
Processing by PharmaciesController#index as HTML
  [1m[36mPharmacy Load (2.8ms)[0m  [1m[34mSELECT "pharmacies".* FROM "pharmacies"[0m
  ↳ app/controllers/pharmacies_controller.rb:8:in `index'
Completed 200 OK in 24ms (Views: 12.1ms | ActiveRecord: 7.7ms | Allocations: 5571)


Started GET "/pharmacies" for ::1 at 2020-03-06 15:05:29 -0500
Started GET "/auth/verify" for ::1 at 2020-03-06 15:05:29 -0500
Processing by PharmaciesController#index as HTML
Processing by AuthenticationController#verify as HTML
  [1m[36mPharmacy Load (4.6ms)[0m  [1m[34mSELECT "pharmacies".* FROM "pharmacies"[0m
  ↳ app/controllers/pharmacies_controller.rb:8:in `index'
Completed 200 OK in 12ms (Views: 6.0ms | ActiveRecord: 4.6ms | Allocations: 1570)


  [1m[36mUser Load (1.3ms)[0m  [1m[34mSELECT "users".* FROM "users" WHERE "users"."id" = $1 LIMIT $2[0m  [["id", 1], ["LIMIT", 1]]
  ↳ app/controllers/application_controller.rb:19:in `authorize_request'
Completed 200 OK in 11ms (Views: 0.4ms | ActiveRecord: 1.7ms | Allocations: 2134)


Started GET "/pharmacies" for ::1 at 2020-03-06 15:08:30 -0500
Started GET "/auth/verify" for ::1 at 2020-03-06 15:08:30 -0500
  [1m[35m (0.5ms)[0m  [1m[34mSELECT "schema_migrations"."version" FROM "schema_migrations" ORDER BY "schema_migrations"."version" ASC[0m
Processing by AuthenticationController#verify as HTML
  [1m[35m (7.4ms)[0m  [1m[34mSELECT "schema_migrations"."version" FROM "schema_migrations" ORDER BY "schema_migrations"."version" ASC[0m
Processing by PharmaciesController#index as HTML
  [1m[36mPharmacy Load (0.4ms)[0m  [1m[34mSELECT "pharmacies".* FROM "pharmacies"[0m
  ↳ app/controllers/pharmacies_controller.rb:8:in `index'
  [1m[36mUser Load (0.3ms)[0m  [1m[34mSELECT "users".* FROM "users" WHERE "users"."id" = $1 LIMIT $2[0m  [["id", 1], ["LIMIT", 1]]
  ↳ app/controllers/application_controller.rb:19:in `authorize_request'
Completed 200 OK in 33ms (Views: 0.3ms | ActiveRecord: 23.9ms | Allocations: 8896)


Completed 200 OK in 16ms (Views: 5.6ms | ActiveRecord: 9.1ms | Allocations: 11033)


Started GET "/pharmacies" for ::1 at 2020-03-06 15:09:10 -0500
Processing by PharmaciesController#index as HTML
Started GET "/auth/verify" for ::1 at 2020-03-06 15:09:10 -0500
  [1m[36mPharmacy Load (8.3ms)[0m  [1m[34mSELECT "pharmacies".* FROM "pharmacies"[0m
  ↳ app/controllers/pharmacies_controller.rb:8:in `index'
Completed 200 OK in 10ms (Views: 1.4ms | ActiveRecord: 8.3ms | Allocations: 1306)


Processing by AuthenticationController#verify as HTML
  [1m[36mUser Load (3.4ms)[0m  [1m[34mSELECT "users".* FROM "users" WHERE "users"."id" = $1 LIMIT $2[0m  [["id", 1], ["LIMIT", 1]]
  ↳ app/controllers/application_controller.rb:19:in `authorize_request'
Completed 200 OK in 5ms (Views: 0.4ms | ActiveRecord: 3.4ms | Allocations: 821)


Started GET "/pharmacies" for ::1 at 2020-03-06 15:09:12 -0500
Processing by PharmaciesController#index as HTML
Started GET "/auth/verify" for ::1 at 2020-03-06 15:09:12 -0500
  [1m[36mPharmacy Load (0.7ms)[0m  [1m[34mSELECT "pharmacies".* FROM "pharmacies"[0m
  ↳ app/controllers/pharmacies_controller.rb:8:in `index'
Completed 200 OK in 2ms (Views: 1.5ms | ActiveRecord: 0.7ms | Allocations: 1266)


Processing by AuthenticationController#verify as HTML
  [1m[36mUser Load (0.5ms)[0m  [1m[34mSELECT "users".* FROM "users" WHERE "users"."id" = $1 LIMIT $2[0m  [["id", 1], ["LIMIT", 1]]
  ↳ app/controllers/application_controller.rb:19:in `authorize_request'
Completed 200 OK in 8ms (Views: 0.4ms | ActiveRecord: 6.4ms | Allocations: 848)


Started GET "/pharmacies" for ::1 at 2020-03-06 15:09:16 -0500
Started GET "/auth/verify" for ::1 at 2020-03-06 15:09:16 -0500
Processing by PharmaciesController#index as HTML
  [1m[36mPharmacy Load (11.5ms)[0m  [1m[34mSELECT "pharmacies".* FROM "pharmacies"[0m
Processing by AuthenticationController#verify as HTML
  ↳ app/controllers/pharmacies_controller.rb:8:in `index'
Completed 200 OK in 15ms (Views: 3.2ms | ActiveRecord: 11.5ms | Allocations: 1378)


  [1m[36mUser Load (0.8ms)[0m  [1m[34mSELECT "users".* FROM "users" WHERE "users"."id" = $1 LIMIT $2[0m  [["id", 1], ["LIMIT", 1]]
  ↳ app/controllers/application_controller.rb:19:in `authorize_request'
Completed 200 OK in 3ms (Views: 0.3ms | ActiveRecord: 0.8ms | Allocations: 1290)


Started GET "/pharmacies" for ::1 at 2020-03-06 15:09:24 -0500
Started GET "/auth/verify" for ::1 at 2020-03-06 15:09:24 -0500
Processing by PharmaciesController#index as HTML
Processing by AuthenticationController#verify as HTML
  [1m[36mPharmacy Load (6.1ms)[0m  [1m[34mSELECT "pharmacies".* FROM "pharmacies"[0m
  ↳ app/controllers/pharmacies_controller.rb:8:in `index'
Completed 200 OK in 9ms (Views: 2.9ms | ActiveRecord: 6.1ms | Allocations: 1363)


  [1m[36mUser Load (29.1ms)[0m  [1m[34mSELECT "users".* FROM "users" WHERE "users"."id" = $1 LIMIT $2[0m  [["id", 1], ["LIMIT", 1]]
  ↳ app/controllers/application_controller.rb:19:in `authorize_request'
Completed 200 OK in 31ms (Views: 0.3ms | ActiveRecord: 29.1ms | Allocations: 1885)


Started GET "/pharmacies" for ::1 at 2020-03-06 15:09:31 -0500
Started GET "/auth/verify" for ::1 at 2020-03-06 15:09:31 -0500
Processing by PharmaciesController#index as HTML
Processing by AuthenticationController#verify as HTML
  [1m[36mPharmacy Load (12.6ms)[0m  [1m[34mSELECT "pharmacies".* FROM "pharmacies"[0m
  ↳ app/controllers/pharmacies_controller.rb:8:in `index'
  [1m[36mUser Load (1.6ms)[0m  [1m[34mSELECT "users".* FROM "users" WHERE "users"."id" = $1 LIMIT $2[0m  [["id", 1], ["LIMIT", 1]]
Completed 200 OK in 16ms (Views: 3.1ms | ActiveRecord: 12.6ms | Allocations: 1483)


  ↳ app/controllers/application_controller.rb:19:in `authorize_request'
Completed 200 OK in 4ms (Views: 0.2ms | ActiveRecord: 1.6ms | Allocations: 1813)


Started GET "/pharmacies" for ::1 at 2020-03-06 15:09:44 -0500
Processing by PharmaciesController#index as HTML
  [1m[36mPharmacy Load (0.2ms)[0m  [1m[34mSELECT "pharmacies".* FROM "pharmacies"[0m
  ↳ app/controllers/pharmacies_controller.rb:8:in `index'
Completed 200 OK in 2ms (Views: 1.4ms | ActiveRecord: 0.2ms | Allocations: 932)


Started GET "/auth/verify" for ::1 at 2020-03-06 15:09:44 -0500
Processing by AuthenticationController#verify as HTML
  [1m[36mUser Load (10.8ms)[0m  [1m[34mSELECT "users".* FROM "users" WHERE "users"."id" = $1 LIMIT $2[0m  [["id", 1], ["LIMIT", 1]]
  ↳ app/controllers/application_controller.rb:19:in `authorize_request'
Completed 200 OK in 13ms (Views: 0.5ms | ActiveRecord: 10.8ms | Allocations: 821)


Started GET "/pharmacies" for ::1 at 2020-03-06 15:10:14 -0500
Started GET "/auth/verify" for ::1 at 2020-03-06 15:10:14 -0500
Processing by PharmaciesController#index as HTML
Processing by AuthenticationController#verify as HTML
  [1m[36mPharmacy Load (14.2ms)[0m  [1m[34mSELECT "pharmacies".* FROM "pharmacies"[0m
  ↳ app/controllers/pharmacies_controller.rb:8:in `index'
Completed 200 OK in 17ms (Views: 2.9ms | ActiveRecord: 14.2ms | Allocations: 1363)


  [1m[36mUser Load (2.4ms)[0m  [1m[34mSELECT "users".* FROM "users" WHERE "users"."id" = $1 LIMIT $2[0m  [["id", 1], ["LIMIT", 1]]
  ↳ app/controllers/application_controller.rb:19:in `authorize_request'
Completed 200 OK in 4ms (Views: 0.4ms | ActiveRecord: 2.4ms | Allocations: 1863)


Started GET "/pharmacies" for ::1 at 2020-03-06 15:10:32 -0500
Processing by PharmaciesController#index as HTML
Started GET "/auth/verify" for ::1 at 2020-03-06 15:10:32 -0500
  [1m[36mPharmacy Load (2.9ms)[0m  [1m[34mSELECT "pharmacies".* FROM "pharmacies"[0m
Processing by AuthenticationController#verify as HTML
  ↳ app/controllers/pharmacies_controller.rb:8:in `index'
Completed 200 OK in 6ms (Views: 2.4ms | ActiveRecord: 2.9ms | Allocations: 1825)


  [1m[36mUser Load (9.4ms)[0m  [1m[34mSELECT "users".* FROM "users" WHERE "users"."id" = $1 LIMIT $2[0m  [["id", 1], ["LIMIT", 1]]
  ↳ app/controllers/application_controller.rb:19:in `authorize_request'
Completed 200 OK in 11ms (Views: 0.3ms | ActiveRecord: 9.4ms | Allocations: 1268)


Started GET "/pharmacies" for ::1 at 2020-03-06 15:10:46 -0500
Started GET "/auth/verify" for ::1 at 2020-03-06 15:10:46 -0500
Processing by PharmaciesController#index as HTML
Processing by AuthenticationController#verify as HTML
  [1m[36mUser Load (6.7ms)[0m  [1m[34mSELECT "users".* FROM "users" WHERE "users"."id" = $1 LIMIT $2[0m  [["id", 1], ["LIMIT", 1]]
  [1m[36mPharmacy Load (8.8ms)[0m  [1m[34mSELECT "pharmacies".* FROM "pharmacies"[0m
  ↳ app/controllers/application_controller.rb:19:in `authorize_request'
  ↳ app/controllers/pharmacies_controller.rb:8:in `index'
Completed 200 OK in 12ms (Views: 2.7ms | ActiveRecord: 8.8ms | Allocations: 2064)


Completed 200 OK in 9ms (Views: 0.3ms | ActiveRecord: 6.7ms | Allocations: 1437)


Started GET "/pharmacies" for ::1 at 2020-03-06 15:11:15 -0500
Started GET "/auth/verify" for ::1 at 2020-03-06 15:11:15 -0500
Processing by PharmaciesController#index as HTML
Processing by AuthenticationController#verify as HTML
  [1m[36mPharmacy Load (2.4ms)[0m  [1m[34mSELECT "pharmacies".* FROM "pharmacies"[0m
  ↳ app/controllers/pharmacies_controller.rb:8:in `index'
Completed 200 OK in 5ms (Views: 1.9ms | ActiveRecord: 2.4ms | Allocations: 1091)


  [1m[36mUser Load (3.7ms)[0m  [1m[34mSELECT "users".* FROM "users" WHERE "users"."id" = $1 LIMIT $2[0m  [["id", 1], ["LIMIT", 1]]
  ↳ app/controllers/application_controller.rb:19:in `authorize_request'
Completed 200 OK in 6ms (Views: 0.3ms | ActiveRecord: 3.7ms | Allocations: 1884)


Started GET "/pharmacies" for ::1 at 2020-03-06 15:11:19 -0500
Processing by PharmaciesController#index as HTML
  [1m[36mPharmacy Load (0.4ms)[0m  [1m[34mSELECT "pharmacies".* FROM "pharmacies"[0m
  ↳ app/controllers/pharmacies_controller.rb:8:in `index'
Completed 200 OK in 3ms (Views: 2.1ms | ActiveRecord: 0.4ms | Allocations: 1035)


Started GET "/auth/verify" for ::1 at 2020-03-06 15:11:19 -0500
Processing by AuthenticationController#verify as HTML
  [1m[36mUser Load (0.2ms)[0m  [1m[34mSELECT "users".* FROM "users" WHERE "users"."id" = $1 LIMIT $2[0m  [["id", 1], ["LIMIT", 1]]
  ↳ app/controllers/application_controller.rb:19:in `authorize_request'
Completed 200 OK in 1ms (Views: 0.4ms | ActiveRecord: 0.2ms | Allocations: 821)


Started GET "/pharmacies" for ::1 at 2020-03-06 15:11:28 -0500
Processing by PharmaciesController#index as HTML
Started GET "/auth/verify" for ::1 at 2020-03-06 15:11:28 -0500
  [1m[36mPharmacy Load (0.4ms)[0m  [1m[34mSELECT "pharmacies".* FROM "pharmacies"[0m
  ↳ app/controllers/pharmacies_controller.rb:8:in `index'
Completed 200 OK in 2ms (Views: 1.2ms | ActiveRecord: 0.4ms | Allocations: 1131)


Processing by AuthenticationController#verify as HTML
  [1m[36mUser Load (3.2ms)[0m  [1m[34mSELECT "users".* FROM "users" WHERE "users"."id" = $1 LIMIT $2[0m  [["id", 1], ["LIMIT", 1]]
  ↳ app/controllers/application_controller.rb:19:in `authorize_request'
Completed 200 OK in 5ms (Views: 0.3ms | ActiveRecord: 3.2ms | Allocations: 822)


Started GET "/pharmacies" for ::1 at 2020-03-06 15:11:35 -0500
Processing by PharmaciesController#index as HTML
Started GET "/auth/verify" for ::1 at 2020-03-06 15:11:35 -0500
  [1m[36mPharmacy Load (0.6ms)[0m  [1m[34mSELECT "pharmacies".* FROM "pharmacies"[0m
  ↳ app/controllers/pharmacies_controller.rb:8:in `index'
Completed 200 OK in 2ms (Views: 1.4ms | ActiveRecord: 0.6ms | Allocations: 1245)


Processing by AuthenticationController#verify as HTML
  [1m[36mUser Load (0.7ms)[0m  [1m[34mSELECT "users".* FROM "users" WHERE "users"."id" = $1 LIMIT $2[0m  [["id", 1], ["LIMIT", 1]]
  ↳ app/controllers/application_controller.rb:19:in `authorize_request'
Completed 200 OK in 2ms (Views: 0.4ms | ActiveRecord: 0.7ms | Allocations: 821)


Started GET "/pharmacies" for ::1 at 2020-03-06 15:12:18 -0500
Processing by PharmaciesController#index as HTML
Started GET "/auth/verify" for ::1 at 2020-03-06 15:12:18 -0500
Processing by AuthenticationController#verify as HTML
  [1m[36mUser Load (0.3ms)[0m  [1m[34mSELECT "users".* FROM "users" WHERE "users"."id" = $1 LIMIT $2[0m  [["id", 1], ["LIMIT", 1]]
  ↳ app/controllers/application_controller.rb:19:in `authorize_request'
Completed 200 OK in 2ms (Views: 0.4ms | ActiveRecord: 0.3ms | Allocations: 821)


  [1m[36mPharmacy Load (10.2ms)[0m  [1m[34mSELECT "pharmacies".* FROM "pharmacies"[0m
  ↳ app/controllers/pharmacies_controller.rb:8:in `index'
Completed 200 OK in 12ms (Views: 1.6ms | ActiveRecord: 10.2ms | Allocations: 2292)


Started GET "/pharmacies" for ::1 at 2020-03-06 15:13:03 -0500
Processing by PharmaciesController#index as HTML
Started GET "/auth/verify" for ::1 at 2020-03-06 15:13:03 -0500
  [1m[36mPharmacy Load (3.6ms)[0m  [1m[34mSELECT "pharmacies".* FROM "pharmacies"[0m
  ↳ app/controllers/pharmacies_controller.rb:8:in `index'
Completed 200 OK in 5ms (Views: 1.6ms | ActiveRecord: 3.6ms | Allocations: 1406)


Processing by AuthenticationController#verify as HTML
  [1m[36mUser Load (0.2ms)[0m  [1m[34mSELECT "users".* FROM "users" WHERE "users"."id" = $1 LIMIT $2[0m  [["id", 1], ["LIMIT", 1]]
  ↳ app/controllers/application_controller.rb:19:in `authorize_request'
Completed 200 OK in 2ms (Views: 0.3ms | ActiveRecord: 0.2ms | Allocations: 821)


Started GET "/pharmacies" for ::1 at 2020-03-06 15:14:24 -0500
Started GET "/auth/verify" for ::1 at 2020-03-06 15:14:24 -0500
Processing by PharmaciesController#index as HTML
Processing by AuthenticationController#verify as HTML
  [1m[36mPharmacy Load (0.6ms)[0m  [1m[34mSELECT "pharmacies".* FROM "pharmacies"[0m
  ↳ app/controllers/pharmacies_controller.rb:8:in `index'
Completed 200 OK in 3ms (Views: 1.7ms | ActiveRecord: 0.6ms | Allocations: 1092)


  [1m[36mUser Load (2.3ms)[0m  [1m[34mSELECT "users".* FROM "users" WHERE "users"."id" = $1 LIMIT $2[0m  [["id", 1], ["LIMIT", 1]]
  ↳ app/controllers/application_controller.rb:19:in `authorize_request'
Completed 200 OK in 5ms (Views: 0.3ms | ActiveRecord: 2.3ms | Allocations: 1885)


Started GET "/pharmacies" for ::1 at 2020-03-06 15:14:26 -0500
Processing by PharmaciesController#index as HTML
Started GET "/auth/verify" for ::1 at 2020-03-06 15:14:26 -0500
  [1m[36mPharmacy Load (10.9ms)[0m  [1m[34mSELECT "pharmacies".* FROM "pharmacies"[0m
  ↳ app/controllers/pharmacies_controller.rb:8:in `index'
Completed 200 OK in 13ms (Views: 1.4ms | ActiveRecord: 10.9ms | Allocations: 1287)


Processing by AuthenticationController#verify as HTML
  [1m[36mUser Load (0.3ms)[0m  [1m[34mSELECT "users".* FROM "users" WHERE "users"."id" = $1 LIMIT $2[0m  [["id", 1], ["LIMIT", 1]]
  ↳ app/controllers/application_controller.rb:19:in `authorize_request'
Completed 200 OK in 2ms (Views: 0.3ms | ActiveRecord: 0.3ms | Allocations: 821)


Started GET "/pharmacies" for ::1 at 2020-03-06 15:14:31 -0500
Processing by PharmaciesController#index as HTML
Started GET "/auth/verify" for ::1 at 2020-03-06 15:14:31 -0500
  [1m[36mPharmacy Load (6.8ms)[0m  [1m[34mSELECT "pharmacies".* FROM "pharmacies"[0m
  ↳ app/controllers/pharmacies_controller.rb:8:in `index'
Completed 200 OK in 9ms (Views: 1.9ms | ActiveRecord: 6.8ms | Allocations: 1392)


Processing by AuthenticationController#verify as HTML
  [1m[36mUser Load (0.2ms)[0m  [1m[34mSELECT "users".* FROM "users" WHERE "users"."id" = $1 LIMIT $2[0m  [["id", 1], ["LIMIT", 1]]
  ↳ app/controllers/application_controller.rb:19:in `authorize_request'
Completed 200 OK in 2ms (Views: 0.4ms | ActiveRecord: 0.2ms | Allocations: 821)


Started GET "/pharmacies" for ::1 at 2020-03-06 15:14:44 -0500
Started GET "/auth/verify" for ::1 at 2020-03-06 15:14:44 -0500
Processing by PharmaciesController#index as HTML
Processing by AuthenticationController#verify as HTML
  [1m[36mPharmacy Load (0.6ms)[0m  [1m[34mSELECT "pharmacies".* FROM "pharmacies"[0m
  [1m[36mUser Load (0.2ms)[0m  [1m[34mSELECT "users".* FROM "users" WHERE "users"."id" = $1 LIMIT $2[0m  [["id", 1], ["LIMIT", 1]]
  ↳ app/controllers/pharmacies_controller.rb:8:in `index'
  ↳ app/controllers/application_controller.rb:19:in `authorize_request'
Completed 200 OK in 3ms (Views: 1.8ms | ActiveRecord: 0.6ms | Allocations: 1521)


Completed 200 OK in 3ms (Views: 0.3ms | ActiveRecord: 0.2ms | Allocations: 1690)


Started POST "/auth/login" for ::1 at 2020-03-06 15:14:55 -0500
Processing by AuthenticationController#login as HTML
  Parameters: {"username"=>"Rachel", "email"=>"", "password"=>"[FILTERED]", "authentication"=>{"username"=>"Rachel", "email"=>"", "password"=>"[FILTERED]"}}
  [1m[36mUser Load (0.2ms)[0m  [1m[34mSELECT "users".* FROM "users" WHERE "users"."username" = $1 LIMIT $2[0m  [["username", "Rachel"], ["LIMIT", 1]]
  ↳ app/controllers/authentication_controller.rb:6:in `login'
Completed 200 OK in 206ms (Views: 0.3ms | ActiveRecord: 0.2ms | Allocations: 1063)


Started GET "/pharmacies" for ::1 at 2020-03-06 15:15:45 -0500
Started GET "/auth/verify" for ::1 at 2020-03-06 15:15:45 -0500
Processing by AuthenticationController#verify as HTML
Processing by PharmaciesController#index as HTML
  [1m[36mUser Load (0.5ms)[0m  [1m[34mSELECT "users".* FROM "users" WHERE "users"."id" = $1 LIMIT $2[0m  [["id", 1], ["LIMIT", 1]]
  [1m[36mPharmacy Load (0.3ms)[0m  [1m[34mSELECT "pharmacies".* FROM "pharmacies"[0m
  ↳ app/controllers/pharmacies_controller.rb:8:in `index'
Completed 200 OK in 2ms (Views: 1.6ms | ActiveRecord: 0.3ms | Allocations: 1360)


  ↳ app/controllers/application_controller.rb:19:in `authorize_request'
Completed 200 OK in 3ms (Views: 0.3ms | ActiveRecord: 0.5ms | Allocations: 1942)


Started GET "/pharmacies" for ::1 at 2020-03-06 15:15:53 -0500
Started GET "/auth/verify" for ::1 at 2020-03-06 15:15:53 -0500
Processing by PharmaciesController#index as HTML
  [1m[36mPharmacy Load (0.3ms)[0m  [1m[34mSELECT "pharmacies".* FROM "pharmacies"[0m
  ↳ app/controllers/pharmacies_controller.rb:8:in `index'
Completed 200 OK in 2ms (Views: 1.2ms | ActiveRecord: 0.3ms | Allocations: 953)


Processing by AuthenticationController#verify as HTML
  [1m[36mUser Load (0.7ms)[0m  [1m[34mSELECT "users".* FROM "users" WHERE "users"."id" = $1 LIMIT $2[0m  [["id", 1], ["LIMIT", 1]]
  ↳ app/controllers/application_controller.rb:19:in `authorize_request'
Completed 200 OK in 2ms (Views: 0.3ms | ActiveRecord: 0.7ms | Allocations: 821)


Started GET "/pharmacies" for ::1 at 2020-03-06 15:16:29 -0500
Processing by PharmaciesController#index as HTML
Started GET "/auth/verify" for ::1 at 2020-03-06 15:16:29 -0500
Processing by AuthenticationController#verify as HTML
  [1m[36mPharmacy Load (36.2ms)[0m  [1m[34mSELECT "pharmacies".* FROM "pharmacies"[0m
  ↳ app/controllers/pharmacies_controller.rb:8:in `index'
Completed 200 OK in 38ms (Views: 1.3ms | ActiveRecord: 36.2ms | Allocations: 1845)


  [1m[36mUser Load (24.0ms)[0m  [1m[34mSELECT "users".* FROM "users" WHERE "users"."id" = $1 LIMIT $2[0m  [["id", 1], ["LIMIT", 1]]
  ↳ app/controllers/application_controller.rb:19:in `authorize_request'
Completed 200 OK in 26ms (Views: 0.4ms | ActiveRecord: 24.0ms | Allocations: 1884)


Started GET "/pharmacies" for ::1 at 2020-03-06 15:16:31 -0500
Started GET "/auth/verify" for ::1 at 2020-03-06 15:16:31 -0500
Processing by PharmaciesController#index as HTML
Processing by AuthenticationController#verify as HTML
  [1m[36mPharmacy Load (1.5ms)[0m  [1m[34mSELECT "pharmacies".* FROM "pharmacies"[0m
  ↳ app/controllers/pharmacies_controller.rb:8:in `index'
Completed 200 OK in 3ms (Views: 1.5ms | ActiveRecord: 1.5ms | Allocations: 1363)


  [1m[36mUser Load (16.3ms)[0m  [1m[34mSELECT "users".* FROM "users" WHERE "users"."id" = $1 LIMIT $2[0m  [["id", 1], ["LIMIT", 1]]
  ↳ app/controllers/application_controller.rb:19:in `authorize_request'
Completed 200 OK in 18ms (Views: 0.4ms | ActiveRecord: 16.3ms | Allocations: 1884)


Started GET "/pharmacies" for ::1 at 2020-03-06 15:16:42 -0500
Started GET "/auth/verify" for ::1 at 2020-03-06 15:16:42 -0500
Processing by AuthenticationController#verify as HTML
Processing by PharmaciesController#index as HTML
  [1m[36mPharmacy Load (0.9ms)[0m  [1m[34mSELECT "pharmacies".* FROM "pharmacies"[0m
  ↳ app/controllers/pharmacies_controller.rb:8:in `index'
Completed 200 OK in 3ms (Views: 1.4ms | ActiveRecord: 0.9ms | Allocations: 930)


  [1m[36mUser Load (7.6ms)[0m  [1m[34mSELECT "users".* FROM "users" WHERE "users"."id" = $1 LIMIT $2[0m  [["id", 1], ["LIMIT", 1]]
  ↳ app/controllers/application_controller.rb:19:in `authorize_request'
Completed 200 OK in 9ms (Views: 0.3ms | ActiveRecord: 7.6ms | Allocations: 1989)


Started GET "/pharmacies" for ::1 at 2020-03-06 15:16:50 -0500
Processing by PharmaciesController#index as HTML
Started GET "/auth/verify" for ::1 at 2020-03-06 15:16:50 -0500
  [1m[36mPharmacy Load (18.3ms)[0m  [1m[34mSELECT "pharmacies".* FROM "pharmacies"[0m
  ↳ app/controllers/pharmacies_controller.rb:8:in `index'
Processing by AuthenticationController#verify as HTML
Completed 200 OK in 21ms (Views: 2.8ms | ActiveRecord: 18.3ms | Allocations: 1660)


  [1m[36mUser Load (0.7ms)[0m  [1m[34mSELECT "users".* FROM "users" WHERE "users"."id" = $1 LIMIT $2[0m  [["id", 1], ["LIMIT", 1]]
  ↳ app/controllers/application_controller.rb:19:in `authorize_request'
Completed 200 OK in 3ms (Views: 0.5ms | ActiveRecord: 0.7ms | Allocations: 1032)


Started GET "/pharmacies" for ::1 at 2020-03-06 15:17:14 -0500
Started GET "/auth/verify" for ::1 at 2020-03-06 15:17:14 -0500
Processing by PharmaciesController#index as HTML
  [1m[36mPharmacy Load (0.4ms)[0m  [1m[34mSELECT "pharmacies".* FROM "pharmacies"[0m
  ↳ app/controllers/pharmacies_controller.rb:8:in `index'
Completed 200 OK in 3ms (Views: 2.5ms | ActiveRecord: 0.4ms | Allocations: 1044)


Processing by AuthenticationController#verify as HTML
  [1m[36mUser Load (9.2ms)[0m  [1m[34mSELECT "users".* FROM "users" WHERE "users"."id" = $1 LIMIT $2[0m  [["id", 1], ["LIMIT", 1]]
  ↳ app/controllers/application_controller.rb:19:in `authorize_request'
Completed 200 OK in 12ms (Views: 0.5ms | ActiveRecord: 9.2ms | Allocations: 821)


Started GET "/pharmacies" for ::1 at 2020-03-06 15:17:42 -0500
Processing by PharmaciesController#index as HTML
Started GET "/auth/verify" for ::1 at 2020-03-06 15:17:42 -0500
  [1m[36mPharmacy Load (2.7ms)[0m  [1m[34mSELECT "pharmacies".* FROM "pharmacies"[0m
  ↳ app/controllers/pharmacies_controller.rb:8:in `index'
Processing by AuthenticationController#verify as HTML
Completed 200 OK in 5ms (Views: 2.1ms | ActiveRecord: 2.7ms | Allocations: 1410)


  [1m[36mUser Load (4.1ms)[0m  [1m[34mSELECT "users".* FROM "users" WHERE "users"."id" = $1 LIMIT $2[0m  [["id", 1], ["LIMIT", 1]]
  ↳ app/controllers/application_controller.rb:19:in `authorize_request'
Completed 200 OK in 6ms (Views: 0.4ms | ActiveRecord: 4.1ms | Allocations: 1015)


Started GET "/pharmacies" for ::1 at 2020-03-06 15:17:49 -0500
Started GET "/auth/verify" for ::1 at 2020-03-06 15:17:49 -0500
Processing by PharmaciesController#index as HTML
Processing by AuthenticationController#verify as HTML
  [1m[36mPharmacy Load (8.5ms)[0m  [1m[34mSELECT "pharmacies".* FROM "pharmacies"[0m
  ↳ app/controllers/pharmacies_controller.rb:8:in `index'
Completed 200 OK in 11ms (Views: 2.6ms | ActiveRecord: 8.5ms | Allocations: 1363)


  [1m[36mUser Load (9.6ms)[0m  [1m[34mSELECT "users".* FROM "users" WHERE "users"."id" = $1 LIMIT $2[0m  [["id", 1], ["LIMIT", 1]]
  ↳ app/controllers/application_controller.rb:19:in `authorize_request'
Completed 200 OK in 12ms (Views: 0.4ms | ActiveRecord: 9.6ms | Allocations: 1884)


Started GET "/pharmacies" for ::1 at 2020-03-06 15:17:54 -0500
Started GET "/auth/verify" for ::1 at 2020-03-06 15:17:54 -0500
Processing by AuthenticationController#verify as HTML
  [1m[36mUser Load (0.6ms)[0m  [1m[34mSELECT "users".* FROM "users" WHERE "users"."id" = $1 LIMIT $2[0m  [["id", 1], ["LIMIT", 1]]
  ↳ app/controllers/application_controller.rb:19:in `authorize_request'
Processing by PharmaciesController#index as HTML
Completed 200 OK in 3ms (Views: 0.4ms | ActiveRecord: 0.6ms | Allocations: 1091)


  [1m[36mPharmacy Load (0.4ms)[0m  [1m[34mSELECT "pharmacies".* FROM "pharmacies"[0m
  ↳ app/controllers/pharmacies_controller.rb:8:in `index'
Completed 200 OK in 2ms (Views: 1.6ms | ActiveRecord: 0.4ms | Allocations: 1078)


Started GET "/pharmacies" for ::1 at 2020-03-06 15:18:53 -0500
Processing by PharmaciesController#index as HTML
Started GET "/auth/verify" for ::1 at 2020-03-06 15:18:53 -0500
  [1m[36mPharmacy Load (3.4ms)[0m  [1m[34mSELECT "pharmacies".* FROM "pharmacies"[0m
  ↳ app/controllers/pharmacies_controller.rb:8:in `index'
Completed 200 OK in 5ms (Views: 1.8ms | ActiveRecord: 3.4ms | Allocations: 1287)


Processing by AuthenticationController#verify as HTML
  [1m[36mUser Load (1.4ms)[0m  [1m[34mSELECT "users".* FROM "users" WHERE "users"."id" = $1 LIMIT $2[0m  [["id", 1], ["LIMIT", 1]]
  ↳ app/controllers/application_controller.rb:19:in `authorize_request'
Completed 200 OK in 4ms (Views: 0.3ms | ActiveRecord: 1.4ms | Allocations: 866)


Started GET "/pharmacies" for ::1 at 2020-03-06 15:19:22 -0500
Processing by PharmaciesController#index as HTML
Started GET "/auth/verify" for ::1 at 2020-03-06 15:19:22 -0500
Processing by AuthenticationController#verify as HTML
  [1m[36mPharmacy Load (7.5ms)[0m  [1m[34mSELECT "pharmacies".* FROM "pharmacies"[0m
  ↳ app/controllers/pharmacies_controller.rb:8:in `index'
Completed 200 OK in 11ms (Views: 2.6ms | ActiveRecord: 7.5ms | Allocations: 1720)


  [1m[36mUser Load (6.4ms)[0m  [1m[34mSELECT "users".* FROM "users" WHERE "users"."id" = $1 LIMIT $2[0m  [["id", 1], ["LIMIT", 1]]
  ↳ app/controllers/application_controller.rb:19:in `authorize_request'
Completed 200 OK in 9ms (Views: 0.6ms | ActiveRecord: 6.4ms | Allocations: 1867)


Started GET "/pharmacies" for ::1 at 2020-03-06 15:19:32 -0500
Processing by PharmaciesController#index as HTML
Started GET "/auth/verify" for ::1 at 2020-03-06 15:19:32 -0500
  [1m[36mPharmacy Load (24.4ms)[0m  [1m[34mSELECT "pharmacies".* FROM "pharmacies"[0m
  ↳ app/controllers/pharmacies_controller.rb:8:in `index'
Completed 200 OK in 27ms (Views: 2.0ms | ActiveRecord: 24.4ms | Allocations: 1257)


Processing by AuthenticationController#verify as HTML
  [1m[36mUser Load (27.8ms)[0m  [1m[34mSELECT "users".* FROM "users" WHERE "users"."id" = $1 LIMIT $2[0m  [["id", 1], ["LIMIT", 1]]
  ↳ app/controllers/application_controller.rb:19:in `authorize_request'
Completed 200 OK in 30ms (Views: 0.4ms | ActiveRecord: 27.8ms | Allocations: 821)


Started GET "/pharmacies" for ::1 at 2020-03-06 15:20:15 -0500
Started GET "/auth/verify" for ::1 at 2020-03-06 15:20:15 -0500
Processing by PharmaciesController#index as HTML
  [1m[36mPharmacy Load (0.4ms)[0m  [1m[34mSELECT "pharmacies".* FROM "pharmacies"[0m
  ↳ app/controllers/pharmacies_controller.rb:8:in `index'
Processing by AuthenticationController#verify as HTML
Completed 200 OK in 24ms (Views: 23.0ms | ActiveRecord: 0.4ms | Allocations: 1219)


  [1m[36mUser Load (1.4ms)[0m  [1m[34mSELECT "users".* FROM "users" WHERE "users"."id" = $1 LIMIT $2[0m  [["id", 1], ["LIMIT", 1]]
  ↳ app/controllers/application_controller.rb:19:in `authorize_request'
Completed 200 OK in 3ms (Views: 0.4ms | ActiveRecord: 1.4ms | Allocations: 1015)


Started GET "/pharmacies" for ::1 at 2020-03-06 15:20:48 -0500
Processing by PharmaciesController#index as HTML
Started GET "/auth/verify" for ::1 at 2020-03-06 15:20:48 -0500
  [1m[36mPharmacy Load (2.1ms)[0m  [1m[34mSELECT "pharmacies".* FROM "pharmacies"[0m
  ↳ app/controllers/pharmacies_controller.rb:8:in `index'
Completed 200 OK in 4ms (Views: 1.6ms | ActiveRecord: 2.1ms | Allocations: 1403)


Processing by AuthenticationController#verify as HTML
  [1m[36mUser Load (0.2ms)[0m  [1m[34mSELECT "users".* FROM "users" WHERE "users"."id" = $1 LIMIT $2[0m  [["id", 1], ["LIMIT", 1]]
  ↳ app/controllers/application_controller.rb:19:in `authorize_request'
Completed 200 OK in 2ms (Views: 0.4ms | ActiveRecord: 0.2ms | Allocations: 821)


Started POST "/auth/login" for ::1 at 2020-03-06 15:20:58 -0500
Processing by AuthenticationController#login as HTML
  Parameters: {"username"=>"Rachel", "email"=>"", "password"=>"[FILTERED]", "authentication"=>{"username"=>"Rachel", "email"=>"", "password"=>"[FILTERED]"}}
  [1m[36mUser Load (0.4ms)[0m  [1m[34mSELECT "users".* FROM "users" WHERE "users"."username" = $1 LIMIT $2[0m  [["username", "Rachel"], ["LIMIT", 1]]
  ↳ app/controllers/authentication_controller.rb:6:in `login'
Completed 200 OK in 213ms (Views: 0.3ms | ActiveRecord: 0.4ms | Allocations: 891)


Started POST "/auth/login" for ::1 at 2020-03-06 15:21:00 -0500
Processing by AuthenticationController#login as HTML
  Parameters: {"username"=>"Rachel", "email"=>"", "password"=>"[FILTERED]", "authentication"=>{"username"=>"Rachel", "email"=>"", "password"=>"[FILTERED]"}}
  [1m[36mUser Load (0.4ms)[0m  [1m[34mSELECT "users".* FROM "users" WHERE "users"."username" = $1 LIMIT $2[0m  [["username", "Rachel"], ["LIMIT", 1]]
  ↳ app/controllers/authentication_controller.rb:6:in `login'
Completed 200 OK in 207ms (Views: 0.3ms | ActiveRecord: 0.4ms | Allocations: 891)


Started GET "/auth/verify" for ::1 at 2020-03-06 15:26:07 -0500
Started GET "/pharmacies" for ::1 at 2020-03-06 15:26:07 -0500
Processing by AuthenticationController#verify as HTML
Processing by PharmaciesController#index as HTML
  [1m[36mUser Load (6.7ms)[0m  [1m[34mSELECT "users".* FROM "users" WHERE "users"."id" = $1 LIMIT $2[0m  [["id", 1], ["LIMIT", 1]]
  ↳ app/controllers/application_controller.rb:19:in `authorize_request'
  [1m[36mPharmacy Load (1.9ms)[0m  [1m[34mSELECT "pharmacies".* FROM "pharmacies"[0m
Completed 200 OK in 17ms (Views: 1.4ms | ActiveRecord: 6.7ms | Allocations: 943)


  ↳ app/controllers/pharmacies_controller.rb:8:in `index'
Completed 200 OK in 21ms (Views: 15.5ms | ActiveRecord: 1.9ms | Allocations: 1823)


Started GET "/pharmacies" for ::1 at 2020-03-06 15:26:15 -0500
Started GET "/auth/verify" for ::1 at 2020-03-06 15:26:15 -0500
Processing by PharmaciesController#index as HTML
Processing by AuthenticationController#verify as HTML
  [1m[36mPharmacy Load (0.7ms)[0m  [1m[34mSELECT "pharmacies".* FROM "pharmacies"[0m
  ↳ app/controllers/pharmacies_controller.rb:8:in `index'
Completed 200 OK in 3ms (Views: 2.0ms | ActiveRecord: 0.7ms | Allocations: 1091)


  [1m[36mUser Load (2.1ms)[0m  [1m[34mSELECT "users".* FROM "users" WHERE "users"."id" = $1 LIMIT $2[0m  [["id", 1], ["LIMIT", 1]]
  ↳ app/controllers/application_controller.rb:19:in `authorize_request'
Completed 200 OK in 5ms (Views: 0.4ms | ActiveRecord: 2.1ms | Allocations: 1879)


Started GET "/pharmacies" for ::1 at 2020-03-06 15:26:21 -0500
Started GET "/auth/verify" for ::1 at 2020-03-06 15:26:21 -0500
Processing by PharmaciesController#index as HTML
Processing by AuthenticationController#verify as HTML
  [1m[36mPharmacy Load (0.7ms)[0m  [1m[34mSELECT "pharmacies".* FROM "pharmacies"[0m
  ↳ app/controllers/pharmacies_controller.rb:8:in `index'
Completed 200 OK in 3ms (Views: 2.0ms | ActiveRecord: 0.7ms | Allocations: 1095)


  [1m[36mUser Load (3.0ms)[0m  [1m[34mSELECT "users".* FROM "users" WHERE "users"."id" = $1 LIMIT $2[0m  [["id", 1], ["LIMIT", 1]]
  ↳ app/controllers/application_controller.rb:19:in `authorize_request'
Completed 200 OK in 6ms (Views: 1.0ms | ActiveRecord: 3.0ms | Allocations: 1879)


Started GET "/pharmacies" for ::1 at 2020-03-06 15:26:23 -0500
Started GET "/auth/verify" for ::1 at 2020-03-06 15:26:23 -0500
Processing by PharmaciesController#index as HTML
Processing by AuthenticationController#verify as HTML
  [1m[36mUser Load (0.8ms)[0m  [1m[34mSELECT "users".* FROM "users" WHERE "users"."id" = $1 LIMIT $2[0m  [["id", 1], ["LIMIT", 1]]
  ↳ app/controllers/application_controller.rb:19:in `authorize_request'
  [1m[36mPharmacy Load (2.7ms)[0m  [1m[34mSELECT "pharmacies".* FROM "pharmacies"[0m
Completed 200 OK in 3ms (Views: 0.5ms | ActiveRecord: 0.8ms | Allocations: 838)


  ↳ app/controllers/pharmacies_controller.rb:8:in `index'
Completed 200 OK in 7ms (Views: 4.0ms | ActiveRecord: 2.7ms | Allocations: 1984)


Started GET "/pharmacies" for ::1 at 2020-03-06 15:26:31 -0500
Started GET "/auth/verify" for ::1 at 2020-03-06 15:26:31 -0500
Processing by PharmaciesController#index as HTML
Processing by AuthenticationController#verify as HTML
  [1m[36mPharmacy Load (0.7ms)[0m  [1m[34mSELECT "pharmacies".* FROM "pharmacies"[0m
  ↳ app/controllers/pharmacies_controller.rb:8:in `index'
  [1m[36mUser Load (1.4ms)[0m  [1m[34mSELECT "users".* FROM "users" WHERE "users"."id" = $1 LIMIT $2[0m  [["id", 1], ["LIMIT", 1]]
Completed 200 OK in 3ms (Views: 2.1ms | ActiveRecord: 0.7ms | Allocations: 1126)


  ↳ app/controllers/application_controller.rb:19:in `authorize_request'
Completed 200 OK in 5ms (Views: 0.3ms | ActiveRecord: 1.4ms | Allocations: 1879)


Started GET "/pharmacies" for ::1 at 2020-03-06 15:26:36 -0500
Started GET "/auth/verify" for ::1 at 2020-03-06 15:26:36 -0500
Processing by PharmaciesController#index as HTML
Processing by AuthenticationController#verify as HTML
  [1m[36mPharmacy Load (0.7ms)[0m  [1m[34mSELECT "pharmacies".* FROM "pharmacies"[0m
  [1m[36mUser Load (1.2ms)[0m  [1m[34mSELECT "users".* FROM "users" WHERE "users"."id" = $1 LIMIT $2[0m  [["id", 1], ["LIMIT", 1]]
  ↳ app/controllers/pharmacies_controller.rb:8:in `index'
Completed 200 OK in 4ms (Views: 3.0ms | ActiveRecord: 0.7ms | Allocations: 1211)


  ↳ app/controllers/application_controller.rb:19:in `authorize_request'
Completed 200 OK in 6ms (Views: 0.6ms | ActiveRecord: 1.2ms | Allocations: 1833)


Started GET "/pharmacies" for ::1 at 2020-03-06 15:26:44 -0500
Started GET "/auth/verify" for ::1 at 2020-03-06 15:26:44 -0500
Processing by AuthenticationController#verify as HTML
Processing by PharmaciesController#index as HTML
  [1m[36mUser Load (0.6ms)[0m  [1m[34mSELECT "users".* FROM "users" WHERE "users"."id" = $1 LIMIT $2[0m  [["id", 1], ["LIMIT", 1]]
  ↳ app/controllers/application_controller.rb:19:in `authorize_request'
Completed 200 OK in 3ms (Views: 0.5ms | ActiveRecord: 0.6ms | Allocations: 927)


  [1m[36mPharmacy Load (2.4ms)[0m  [1m[34mSELECT "pharmacies".* FROM "pharmacies"[0m
  ↳ app/controllers/pharmacies_controller.rb:8:in `index'
Completed 200 OK in 6ms (Views: 3.0ms | ActiveRecord: 2.4ms | Allocations: 1823)


Started GET "/pharmacies" for ::1 at 2020-03-06 15:26:49 -0500
Started GET "/auth/verify" for ::1 at 2020-03-06 15:26:49 -0500
Processing by PharmaciesController#index as HTML
  [1m[36mPharmacy Load (3.7ms)[0m  [1m[34mSELECT "pharmacies".* FROM "pharmacies"[0m
Processing by AuthenticationController#verify as HTML
  ↳ app/controllers/pharmacies_controller.rb:8:in `index'
Completed 200 OK in 8ms (Views: 4.1ms | ActiveRecord: 3.7ms | Allocations: 1363)


  [1m[36mUser Load (5.5ms)[0m  [1m[34mSELECT "users".* FROM "users" WHERE "users"."id" = $1 LIMIT $2[0m  [["id", 1], ["LIMIT", 1]]
  ↳ app/controllers/application_controller.rb:19:in `authorize_request'
Completed 200 OK in 8ms (Views: 0.5ms | ActiveRecord: 5.5ms | Allocations: 1263)


Started GET "/pharmacies" for ::1 at 2020-03-06 15:27:09 -0500
Started GET "/auth/verify" for ::1 at 2020-03-06 15:27:09 -0500
Processing by PharmaciesController#index as HTML
Processing by AuthenticationController#verify as HTML
  [1m[36mPharmacy Load (0.4ms)[0m  [1m[34mSELECT "pharmacies".* FROM "pharmacies"[0m
  [1m[36mUser Load (0.2ms)[0m  [1m[34mSELECT "users".* FROM "users" WHERE "users"."id" = $1 LIMIT $2[0m  [["id", 1], ["LIMIT", 1]]
  ↳ app/controllers/pharmacies_controller.rb:8:in `index'
  ↳ app/controllers/application_controller.rb:19:in `authorize_request'
Completed 200 OK in 2ms (Views: 1.7ms | ActiveRecord: 0.4ms | Allocations: 1521)


Completed 200 OK in 3ms (Views: 0.3ms | ActiveRecord: 0.2ms | Allocations: 1690)


Started GET "/pharmacies" for ::1 at 2020-03-06 15:27:17 -0500
Started GET "/auth/verify" for ::1 at 2020-03-06 15:27:17 -0500
Processing by PharmaciesController#index as HTML
Processing by AuthenticationController#verify as HTML
  [1m[36mPharmacy Load (1.5ms)[0m  [1m[34mSELECT "pharmacies".* FROM "pharmacies"[0m
  ↳ app/controllers/pharmacies_controller.rb:8:in `index'
Completed 200 OK in 4ms (Views: 2.6ms | ActiveRecord: 1.5ms | Allocations: 1374)


  [1m[36mUser Load (15.0ms)[0m  [1m[34mSELECT "users".* FROM "users" WHERE "users"."id" = $1 LIMIT $2[0m  [["id", 1], ["LIMIT", 1]]
  ↳ app/controllers/application_controller.rb:19:in `authorize_request'
Completed 200 OK in 22ms (Views: 0.4ms | ActiveRecord: 15.0ms | Allocations: 1858)


